<?xml version="1.0" encoding="UTF-8"?>
<!-- Generated by org.testng.reporters.JUnitReportReporter -->
<testsuite skipped="0" hostname="Taniya" name="com.qa.blaze.Testcases.PurchasePageTest" tests="1" failures="0" timestamp="03 Oct 2020 08:39:26 GMT" time="17.674" errors="0">
  <testcase name="flightpurchase" time="17.674" classname="com.qa.blaze.Testcases.PurchasePageTest"/>
</testsuite> <!-- com.qa.blaze.Testcases.PurchasePageTest -->
