<?xml version="1.0" encoding="UTF-8"?>
<!-- Generated by org.testng.reporters.JUnitReportReporter -->
<testsuite skipped="0" hostname="Taniya" name="com.qa.blaze.Testcases.TravelPageTest" tests="3" failures="0" timestamp="03 Oct 2020 08:39:26 GMT" time="33.981" errors="0">
  <testcase name="destinationlink" time="8.002" classname="com.qa.blaze.Testcases.TravelPageTest"/>
  <testcase name="homepagelink" time="10.922" classname="com.qa.blaze.Testcases.TravelPageTest"/>
  <testcase name="findflightTest" time="15.057" classname="com.qa.blaze.Testcases.TravelPageTest"/>
</testsuite> <!-- com.qa.blaze.Testcases.TravelPageTest -->
